# JRE version: Java(TM) SE Runtime Environment (8.0_191-b12) (build 1.8.0_191-b12)
# Java VM: Java HotSpot(TM) 64-Bit Server VM (25.191-b12 mixed mode windows-amd64 compressed oops)
Heap:
 PSYoungGen      total 452096K, used 193690K [0x00000000d5580000, 0x00000000f5580000, 0x0000000100000000)
  eden space 385024K, 46% used [0x00000000d5580000,0x00000000e04b3b90,0x00000000ecd80000)
  from space 67072K, 21% used [0x00000000f1400000,0x00000000f21f2f40,0x00000000f5580000)
  to   space 69632K, 0% used [0x00000000ecd80000,0x00000000ecd80000,0x00000000f1180000)
 ParOldGen       total 310784K, used 209992K [0x0000000080000000, 0x0000000092f80000, 0x00000000d5580000)
  object space 310784K, 67% used [0x0000000080000000,0x000000008cd121b0,0x0000000092f80000)
 Metaspace       used 115080K, capacity 122378K, committed 123264K, reserved 1155072K
  class space    used 15448K, capacity 16820K, committed 17024K, reserved 1048576K
GC Heap History (10 events):
Event: 343.051 GC heap before
{Heap before GC invocations=33 (full 5):
 PSYoungGen      total 381440K, used 331030K [0x00000000d5580000, 0x00000000f0180000, 0x0000000100000000)
  eden space 324608K, 100% used [0x00000000d5580000,0x00000000e9280000,0x00000000e9280000)
  from space 56832K, 11% used [0x00000000e9280000,0x00000000e98c5948,0x00000000eca00000)
  to   space 48640K, 0% used [0x00000000ed200000,0x00000000ed200000,0x00000000f0180000)
 ParOldGen       total 310784K, used 179051K [0x0000000080000000, 0x0000000092f80000, 0x00000000d5580000)
  object space 310784K, 57% used [0x0000000080000000,0x000000008aedac20,0x0000000092f80000)
 Metaspace       used 114978K, capacity 122216K, committed 123008K, reserved 1155072K
  class space    used 15445K, capacity 16819K, committed 17024K, reserved 1048576K
Event: 343.069 GC heap after
Heap after GC invocations=33 (full 5):
 PSYoungGen      total 373248K, used 10416K [0x00000000d5580000, 0x00000000f0180000, 0x0000000100000000)
  eden space 324608K, 0% used [0x00000000d5580000,0x00000000d5580000,0x00000000e9280000)
  from space 48640K, 21% used [0x00000000ed200000,0x00000000edc2c190,0x00000000f0180000)
  to   space 56832K, 0% used [0x00000000e9280000,0x00000000e9280000,0x00000000eca00000)
 ParOldGen       total 310784K, used 184019K [0x0000000080000000, 0x0000000092f80000, 0x00000000d5580000)
  object space 310784K, 59% used [0x0000000080000000,0x000000008b3b4c58,0x0000000092f80000)
 Metaspace       used 114978K, capacity 122216K, committed 123008K, reserved 1155072K
  class space    used 15445K, capacity 16819K, committed 17024K, reserved 1048576K
}
Event: 343.535 GC heap before
{Heap before GC invocations=34 (full 5):
 PSYoungGen      total 373248K, used 335024K [0x00000000d5580000, 0x00000000f0180000, 0x0000000100000000)
  eden space 324608K, 100% used [0x00000000d5580000,0x00000000e9280000,0x00000000e9280000)
  from space 48640K, 21% used [0x00000000ed200000,0x00000000edc2c190,0x00000000f0180000)
  to   space 56832K, 0% used [0x00000000e9280000,0x00000000e9280000,0x00000000eca00000)
 ParOldGen       total 310784K, used 184019K [0x0000000080000000, 0x0000000092f80000, 0x00000000d5580000)
  object space 310784K, 59% used [0x0000000080000000,0x000000008b3b4c58,0x0000000092f80000)
 Metaspace       used 114986K, capacity 122224K, committed 123008K, reserved 1155072K
  class space    used 15445K, capacity 16819K, committed 17024K, reserved 1048576K
Event: 343.557 GC heap after
Heap after GC invocations=34 (full 5):
 PSYoungGen      total 381440K, used 7456K [0x00000000d5580000, 0x00000000f0180000, 0x0000000100000000)
  eden space 324608K, 0% used [0x00000000d5580000,0x00000000d5580000,0x00000000e9280000)
  from space 56832K, 13% used [0x00000000e9280000,0x00000000e99c8250,0x00000000eca00000)
  to   space 48640K, 0% used [0x00000000ed200000,0x00000000ed200000,0x00000000f0180000)
 ParOldGen       total 310784K, used 193039K [0x0000000080000000, 0x0000000092f80000, 0x00000000d5580000)
  object space 310784K, 62% used [0x0000000080000000,0x000000008bc83c88,0x0000000092f80000)
 Metaspace       used 114986K, capacity 122224K, committed 123008K, reserved 1155072K
  class space    used 15445K, capacity 16819K, committed 17024K, reserved 1048576K
}
Event: 344.029 GC heap before
{Heap before GC invocations=35 (full 5):
 PSYoungGen      total 381440K, used 332064K [0x00000000d5580000, 0x00000000f0180000, 0x0000000100000000)
  eden space 324608K, 100% used [0x00000000d5580000,0x00000000e9280000,0x00000000e9280000)
  from space 56832K, 13% used [0x00000000e9280000,0x00000000e99c8250,0x00000000eca00000)
  to   space 48640K, 0% used [0x00000000ed200000,0x00000000ed200000,0x00000000f0180000)
 ParOldGen       total 310784K, used 193039K [0x0000000080000000, 0x0000000092f80000, 0x00000000d5580000)
  object space 310784K, 62% used [0x0000000080000000,0x000000008bc83c88,0x0000000092f80000)
 Metaspace       used 115001K, capacity 122228K, committed 123008K, reserved 1155072K
  class space    used 15446K, capacity 16819K, committed 17024K, reserved 1048576K
Event: 344.052 GC heap after
Heap after GC invocations=35 (full 5):
 PSYoungGen      total 373248K, used 9854K [0x00000000d5580000, 0x00000000f0180000, 0x0000000100000000)
  eden space 324608K, 0% used [0x00000000d5580000,0x00000000d5580000,0x00000000e9280000)
  from space 48640K, 20% used [0x00000000ed200000,0x00000000edb9fbd8,0x00000000f0180000)
  to   space 56832K, 0% used [0x00000000e9280000,0x00000000e9280000,0x00000000eca00000)
 ParOldGen       total 310784K, used 198329K [0x0000000080000000, 0x0000000092f80000, 0x00000000d5580000)
  object space 310784K, 63% used [0x0000000080000000,0x000000008c1ae7c8,0x0000000092f80000)
 Metaspace       used 115001K, capacity 122228K, committed 123008K, reserved 1155072K
  class space    used 15446K, capacity 16819K, committed 17024K, reserved 1048576K
}
Event: 344.484 GC heap before
{Heap before GC invocations=36 (full 5):
 PSYoungGen      total 373248K, used 334462K [0x00000000d5580000, 0x00000000f0180000, 0x0000000100000000)
  eden space 324608K, 100% used [0x00000000d5580000,0x00000000e9280000,0x00000000e9280000)
  from space 48640K, 20% used [0x00000000ed200000,0x00000000edb9fbd8,0x00000000f0180000)
  to   space 56832K, 0% used [0x00000000e9280000,0x00000000e9280000,0x00000000eca00000)
 ParOldGen       total 310784K, used 198329K [0x0000000080000000, 0x0000000092f80000, 0x00000000d5580000)
  object space 310784K, 63% used [0x0000000080000000,0x000000008c1ae7c8,0x0000000092f80000)
 Metaspace       used 115039K, capacity 122302K, committed 123264K, reserved 1155072K
  class space    used 15446K, capacity 16820K, committed 17024K, reserved 1048576K
Event: 344.502 GC heap after
Heap after GC invocations=36 (full 5):
 PSYoungGen      total 381440K, used 10195K [0x00000000d5580000, 0x00000000f5c00000, 0x0000000100000000)
  eden space 324608K, 0% used [0x00000000d5580000,0x00000000d5580000,0x00000000e9280000)
  from space 56832K, 17% used [0x00000000e9280000,0x00000000e9c74c48,0x00000000eca00000)
  to   space 73728K, 0% used [0x00000000f1400000,0x00000000f1400000,0x00000000f5c00000)
 ParOldGen       total 310784K, used 203504K [0x0000000080000000, 0x0000000092f80000, 0x00000000d5580000)
  object space 310784K, 65% used [0x0000000080000000,0x000000008c6bc1f0,0x0000000092f80000)
 Metaspace       used 115039K, capacity 122302K, committed 123264K, reserved 1155072K
  class space    used 15446K, capacity 16820K, committed 17024K, reserved 1048576K
}
Event: 344.852 GC heap before
{Heap before GC invocations=37 (full 5):
 PSYoungGen      total 381440K, used 334803K [0x00000000d5580000, 0x00000000f5c00000, 0x0000000100000000)
  eden space 324608K, 100% used [0x00000000d5580000,0x00000000e9280000,0x00000000e9280000)
  from space 56832K, 17% used [0x00000000e9280000,0x00000000e9c74c48,0x00000000eca00000)
  to   space 73728K, 0% used [0x00000000f1400000,0x00000000f1400000,0x00000000f5c00000)
 ParOldGen       total 310784K, used 203504K [0x0000000080000000, 0x0000000092f80000, 0x00000000d5580000)
  object space 310784K, 65% used [0x0000000080000000,0x000000008c6bc1f0,0x0000000092f80000)
 Metaspace       used 115071K, capacity 122374K, committed 123264K, reserved 1155072K
  class space    used 15448K, capacity 16820K, committed 17024K, reserved 1048576K
Event: 344.871 GC heap after
Heap after GC invocations=37 (full 5):
 PSYoungGen      total 452096K, used 14283K [0x00000000d5580000, 0x00000000f5580000, 0x0000000100000000)
  eden space 385024K, 0% used [0x00000000d5580000,0x00000000d5580000,0x00000000ecd80000)
  from space 67072K, 21% used [0x00000000f1400000,0x00000000f21f2f40,0x00000000f5580000)
  to   space 69632K, 0% used [0x00000000ecd80000,0x00000000ecd80000,0x00000000f1180000)
 ParOldGen       total 310784K, used 209992K [0x0000000080000000, 0x0000000092f80000, 0x00000000d5580000)
  object space 310784K, 67% used [0x0000000080000000,0x000000008cd121b0,0x0000000092f80000)
 Metaspace       used 115071K, capacity 122374K, committed 123264K, reserved 1155072K
  class space    used 15448K, capacity 16820K, committed 17024K, reserved 1048576K
}

