# JRE version: Java(TM) SE Runtime Environment (8.0_191-b12) (build 1.8.0_191-b12)
# Java VM: Java HotSpot(TM) 64-Bit Server VM (25.191-b12 mixed mode windows-amd64 compressed oops)
Heap:
 PSYoungGen      total 235520K, used 61565K [0x00000000d5580000, 0x00000000e6e00000, 0x0000000100000000)
  eden space 216576K, 28% used [0x00000000d5580000,0x00000000d919f4a0,0x00000000e2900000)
  from space 18944K, 0% used [0x00000000e3e00000,0x00000000e3e00000,0x00000000e5080000)
  to   space 21504K, 0% used [0x00000000e2900000,0x00000000e2900000,0x00000000e3e00000)
 ParOldGen       total 131072K, used 32836K [0x0000000080000000, 0x0000000088000000, 0x00000000d5580000)
  object space 131072K, 25% used [0x0000000080000000,0x00000000820112a0,0x0000000088000000)
 Metaspace       used 60091K, capacity 62612K, committed 62976K, reserved 1103872K
  class space    used 8169K, capacity 8662K, committed 8704K, reserved 1048576K
GC Heap History (10 events):
Event: 3.740 GC heap before
{Heap before GC invocations=9 (full 2):
 PSYoungGen      total 125952K, used 8781K [0x00000000d5580000, 0x00000000e2a80000, 0x0000000100000000)
  eden space 112640K, 0% used [0x00000000d5580000,0x00000000d5580000,0x00000000dc380000)
  from space 13312K, 65% used [0x00000000dc380000,0x00000000dcc135d0,0x00000000dd080000)
  to   space 12800K, 0% used [0x00000000e1e00000,0x00000000e1e00000,0x00000000e2a80000)
 ParOldGen       total 87552K, used 6875K [0x0000000080000000, 0x0000000085580000, 0x00000000d5580000)
  object space 87552K, 7% used [0x0000000080000000,0x00000000806b6f80,0x0000000085580000)
 Metaspace       used 34096K, capacity 35408K, committed 35496K, reserved 1079296K
  class space    used 4721K, capacity 5039K, committed 5120K, reserved 1048576K
Event: 3.787 GC heap after
Heap after GC invocations=9 (full 2):
 PSYoungGen      total 125952K, used 0K [0x00000000d5580000, 0x00000000e2a80000, 0x0000000100000000)
  eden space 112640K, 0% used [0x00000000d5580000,0x00000000d5580000,0x00000000dc380000)
  from space 13312K, 0% used [0x00000000dc380000,0x00000000dc380000,0x00000000dd080000)
  to   space 12800K, 0% used [0x00000000e1e00000,0x00000000e1e00000,0x00000000e2a80000)
 ParOldGen       total 131072K, used 15176K [0x0000000080000000, 0x0000000088000000, 0x00000000d5580000)
  object space 131072K, 11% used [0x0000000080000000,0x0000000080ed20e8,0x0000000088000000)
 Metaspace       used 34096K, capacity 35408K, committed 35496K, reserved 1079296K
  class space    used 4721K, capacity 5039K, committed 5120K, reserved 1048576K
}
Event: 4.699 GC heap before
{Heap before GC invocations=10 (full 2):
 PSYoungGen      total 125952K, used 112640K [0x00000000d5580000, 0x00000000e2a80000, 0x0000000100000000)
  eden space 112640K, 100% used [0x00000000d5580000,0x00000000dc380000,0x00000000dc380000)
  from space 13312K, 0% used [0x00000000dc380000,0x00000000dc380000,0x00000000dd080000)
  to   space 12800K, 0% used [0x00000000e1e00000,0x00000000e1e00000,0x00000000e2a80000)
 ParOldGen       total 131072K, used 15176K [0x0000000080000000, 0x0000000088000000, 0x00000000d5580000)
  object space 131072K, 11% used [0x0000000080000000,0x0000000080ed20e8,0x0000000088000000)
 Metaspace       used 40980K, capacity 42680K, committed 43008K, reserved 1085440K
  class space    used 5692K, capacity 6048K, committed 6144K, reserved 1048576K
Event: 4.709 GC heap after
Heap after GC invocations=10 (full 2):
 PSYoungGen      total 182784K, used 12141K [0x00000000d5580000, 0x00000000e2a00000, 0x0000000100000000)
  eden space 170496K, 0% used [0x00000000d5580000,0x00000000d5580000,0x00000000dfc00000)
  from space 12288K, 98% used [0x00000000e1e00000,0x00000000e29db510,0x00000000e2a00000)
  to   space 14336K, 0% used [0x00000000e0e00000,0x00000000e0e00000,0x00000000e1c00000)
 ParOldGen       total 131072K, used 15184K [0x0000000080000000, 0x0000000088000000, 0x00000000d5580000)
  object space 131072K, 11% used [0x0000000080000000,0x0000000080ed40e8,0x0000000088000000)
 Metaspace       used 40980K, capacity 42680K, committed 43008K, reserved 1085440K
  class space    used 5692K, capacity 6048K, committed 6144K, reserved 1048576K
}
Event: 5.988 GC heap before
{Heap before GC invocations=11 (full 2):
 PSYoungGen      total 182784K, used 182637K [0x00000000d5580000, 0x00000000e2a00000, 0x0000000100000000)
  eden space 170496K, 100% used [0x00000000d5580000,0x00000000dfc00000,0x00000000dfc00000)
  from space 12288K, 98% used [0x00000000e1e00000,0x00000000e29db510,0x00000000e2a00000)
  to   space 14336K, 0% used [0x00000000e0e00000,0x00000000e0e00000,0x00000000e1c00000)
 ParOldGen       total 131072K, used 15184K [0x0000000080000000, 0x0000000088000000, 0x00000000d5580000)
  object space 131072K, 11% used [0x0000000080000000,0x0000000080ed40e8,0x0000000088000000)
 Metaspace       used 52190K, capacity 54416K, committed 54784K, reserved 1095680K
  class space    used 7134K, capacity 7553K, committed 7680K, reserved 1048576K
Event: 6.001 GC heap after
Heap after GC invocations=11 (full 2):
 PSYoungGen      total 203264K, used 14324K [0x00000000d5580000, 0x00000000e5080000, 0x0000000100000000)
  eden space 188928K, 0% used [0x00000000d5580000,0x00000000d5580000,0x00000000e0e00000)
  from space 14336K, 99% used [0x00000000e0e00000,0x00000000e1bfd3b0,0x00000000e1c00000)
  to   space 18944K, 0% used [0x00000000e3e00000,0x00000000e3e00000,0x00000000e5080000)
 ParOldGen       total 131072K, used 22785K [0x0000000080000000, 0x0000000088000000, 0x00000000d5580000)
  object space 131072K, 17% used [0x0000000080000000,0x00000000816407e0,0x0000000088000000)
 Metaspace       used 52190K, capacity 54416K, committed 54784K, reserved 1095680K
  class space    used 7134K, capacity 7553K, committed 7680K, reserved 1048576K
}
Event: 6.413 GC heap before
{Heap before GC invocations=12 (full 2):
 PSYoungGen      total 203264K, used 60654K [0x00000000d5580000, 0x00000000e5080000, 0x0000000100000000)
  eden space 188928K, 24% used [0x00000000d5580000,0x00000000d82be6d0,0x00000000e0e00000)
  from space 14336K, 99% used [0x00000000e0e00000,0x00000000e1bfd3b0,0x00000000e1c00000)
  to   space 18944K, 0% used [0x00000000e3e00000,0x00000000e3e00000,0x00000000e5080000)
 ParOldGen       total 131072K, used 22785K [0x0000000080000000, 0x0000000088000000, 0x00000000d5580000)
  object space 131072K, 17% used [0x0000000080000000,0x00000000816407e0,0x0000000088000000)
 Metaspace       used 56685K, capacity 58994K, committed 59160K, reserved 1099776K
  class space    used 7647K, capacity 8046K, committed 8064K, reserved 1048576K
Event: 6.424 GC heap after
Heap after GC invocations=12 (full 2):
 PSYoungGen      total 235520K, used 18927K [0x00000000d5580000, 0x00000000e6e00000, 0x0000000100000000)
  eden space 216576K, 0% used [0x00000000d5580000,0x00000000d5580000,0x00000000e2900000)
  from space 18944K, 99% used [0x00000000e3e00000,0x00000000e507bdf8,0x00000000e5080000)
  to   space 21504K, 0% used [0x00000000e2900000,0x00000000e2900000,0x00000000e3e00000)
 ParOldGen       total 131072K, used 22988K [0x0000000080000000, 0x0000000088000000, 0x00000000d5580000)
  object space 131072K, 17% used [0x0000000080000000,0x0000000081673020,0x0000000088000000)
 Metaspace       used 56685K, capacity 58994K, committed 59160K, reserved 1099776K
  class space    used 7647K, capacity 8046K, committed 8064K, reserved 1048576K
}
Event: 6.424 GC heap before
{Heap before GC invocations=13 (full 3):
 PSYoungGen      total 235520K, used 18927K [0x00000000d5580000, 0x00000000e6e00000, 0x0000000100000000)
  eden space 216576K, 0% used [0x00000000d5580000,0x00000000d5580000,0x00000000e2900000)
  from space 18944K, 99% used [0x00000000e3e00000,0x00000000e507bdf8,0x00000000e5080000)
  to   space 21504K, 0% used [0x00000000e2900000,0x00000000e2900000,0x00000000e3e00000)
 ParOldGen       total 131072K, used 22988K [0x0000000080000000, 0x0000000088000000, 0x00000000d5580000)
  object space 131072K, 17% used [0x0000000080000000,0x0000000081673020,0x0000000088000000)
 Metaspace       used 56685K, capacity 58994K, committed 59160K, reserved 1099776K
  class space    used 7647K, capacity 8046K, committed 8064K, reserved 1048576K
Event: 6.607 GC heap after
Heap after GC invocations=13 (full 3):
 PSYoungGen      total 235520K, used 0K [0x00000000d5580000, 0x00000000e6e00000, 0x0000000100000000)
  eden space 216576K, 0% used [0x00000000d5580000,0x00000000d5580000,0x00000000e2900000)
  from space 18944K, 0% used [0x00000000e3e00000,0x00000000e3e00000,0x00000000e5080000)
  to   space 21504K, 0% used [0x00000000e2900000,0x00000000e2900000,0x00000000e3e00000)
 ParOldGen       total 131072K, used 32836K [0x0000000080000000, 0x0000000088000000, 0x00000000d5580000)
  object space 131072K, 25% used [0x0000000080000000,0x00000000820112a0,0x0000000088000000)
 Metaspace       used 56632K, capacity 58838K, committed 59160K, reserved 1099776K
  class space    used 7630K, capacity 8017K, committed 8064K, reserved 1048576K
}

