# JRE version: Java(TM) SE Runtime Environment (8.0_191-b12) (build 1.8.0_191-b12)
# Java VM: Java HotSpot(TM) 64-Bit Server VM (25.191-b12 mixed mode windows-amd64 compressed oops)
Heap:
 PSYoungGen      total 76288K, used 55710K [0x000000076b400000, 0x0000000770900000, 0x00000007c0000000)
  eden space 65536K, 85% used [0x000000076b400000,0x000000076ea67820,0x000000076f400000)
  from space 10752K, 0% used [0x000000076fe80000,0x000000076fe80000,0x0000000770900000)
  to   space 10752K, 0% used [0x000000076f400000,0x000000076f400000,0x000000076fe80000)
 ParOldGen       total 141824K, used 22176K [0x00000006c1c00000, 0x00000006ca680000, 0x000000076b400000)
  object space 141824K, 15% used [0x00000006c1c00000,0x00000006c31a81e8,0x00000006ca680000)
 Metaspace       used 28525K, capacity 29074K, committed 29232K, reserved 1075200K
  class space    used 3688K, capacity 3849K, committed 3888K, reserved 1048576K
GC Heap History (6 events):
Event: 0.907 GC heap before
{Heap before GC invocations=1 (full 0):
 PSYoungGen      total 76288K, used 65536K [0x000000076b400000, 0x0000000770900000, 0x00000007c0000000)
  eden space 65536K, 100% used [0x000000076b400000,0x000000076f400000,0x000000076f400000)
  from space 10752K, 0% used [0x000000076fe80000,0x000000076fe80000,0x0000000770900000)
  to   space 10752K, 0% used [0x000000076f400000,0x000000076f400000,0x000000076fe80000)
 ParOldGen       total 175104K, used 0K [0x00000006c1c00000, 0x00000006cc700000, 0x000000076b400000)
  object space 175104K, 0% used [0x00000006c1c00000,0x00000006c1c00000,0x00000006cc700000)
 Metaspace       used 15792K, capacity 16050K, committed 16384K, reserved 1062912K
  class space    used 1847K, capacity 1931K, committed 2048K, reserved 1048576K
Event: 0.916 GC heap after
Heap after GC invocations=1 (full 0):
 PSYoungGen      total 76288K, used 10749K [0x000000076b400000, 0x0000000770900000, 0x00000007c0000000)
  eden space 65536K, 0% used [0x000000076b400000,0x000000076b400000,0x000000076f400000)
  from space 10752K, 99% used [0x000000076f400000,0x000000076fe7f4c0,0x000000076fe80000)
  to   space 10752K, 0% used [0x000000076fe80000,0x000000076fe80000,0x0000000770900000)
 ParOldGen       total 175104K, used 4832K [0x00000006c1c00000, 0x00000006cc700000, 0x000000076b400000)
  object space 175104K, 2% used [0x00000006c1c00000,0x00000006c20b83a0,0x00000006cc700000)
 Metaspace       used 15792K, capacity 16050K, committed 16384K, reserved 1062912K
  class space    used 1847K, capacity 1931K, committed 2048K, reserved 1048576K
}
Event: 1.177 GC heap before
{Heap before GC invocations=2 (full 0):
 PSYoungGen      total 76288K, used 43197K [0x000000076b400000, 0x0000000770900000, 0x00000007c0000000)
  eden space 65536K, 49% used [0x000000076b400000,0x000000076d3affb0,0x000000076f400000)
  from space 10752K, 99% used [0x000000076f400000,0x000000076fe7f4c0,0x000000076fe80000)
  to   space 10752K, 0% used [0x000000076fe80000,0x000000076fe80000,0x0000000770900000)
 ParOldGen       total 175104K, used 4832K [0x00000006c1c00000, 0x00000006cc700000, 0x000000076b400000)
  object space 175104K, 2% used [0x00000006c1c00000,0x00000006c20b83a0,0x00000006cc700000)
 Metaspace       used 20792K, capacity 21160K, committed 21296K, reserved 1069056K
  class space    used 2441K, capacity 2568K, committed 2608K, reserved 1048576K
Event: 1.187 GC heap after
Heap after GC invocations=2 (full 0):
 PSYoungGen      total 76288K, used 10737K [0x000000076b400000, 0x0000000770900000, 0x00000007c0000000)
  eden space 65536K, 0% used [0x000000076b400000,0x000000076b400000,0x000000076f400000)
  from space 10752K, 99% used [0x000000076fe80000,0x00000007708fc780,0x0000000770900000)
  to   space 10752K, 0% used [0x000000076f400000,0x000000076f400000,0x000000076fe80000)
 ParOldGen       total 175104K, used 16511K [0x00000006c1c00000, 0x00000006cc700000, 0x000000076b400000)
  object space 175104K, 9% used [0x00000006c1c00000,0x00000006c2c1fc90,0x00000006cc700000)
 Metaspace       used 20792K, capacity 21160K, committed 21296K, reserved 1069056K
  class space    used 2441K, capacity 2568K, committed 2608K, reserved 1048576K
}
Event: 1.188 GC heap before
{Heap before GC invocations=3 (full 1):
 PSYoungGen      total 76288K, used 10737K [0x000000076b400000, 0x0000000770900000, 0x00000007c0000000)
  eden space 65536K, 0% used [0x000000076b400000,0x000000076b400000,0x000000076f400000)
  from space 10752K, 99% used [0x000000076fe80000,0x00000007708fc780,0x0000000770900000)
  to   space 10752K, 0% used [0x000000076f400000,0x000000076f400000,0x000000076fe80000)
 ParOldGen       total 175104K, used 16511K [0x00000006c1c00000, 0x00000006cc700000, 0x000000076b400000)
  object space 175104K, 9% used [0x00000006c1c00000,0x00000006c2c1fc90,0x00000006cc700000)
 Metaspace       used 20792K, capacity 21160K, committed 21296K, reserved 1069056K
  class space    used 2441K, capacity 2568K, committed 2608K, reserved 1048576K
Event: 1.234 GC heap after
Heap after GC invocations=3 (full 1):
 PSYoungGen      total 76288K, used 0K [0x000000076b400000, 0x0000000770900000, 0x00000007c0000000)
  eden space 65536K, 0% used [0x000000076b400000,0x000000076b400000,0x000000076f400000)
  from space 10752K, 0% used [0x000000076fe80000,0x000000076fe80000,0x0000000770900000)
  to   space 10752K, 0% used [0x000000076f400000,0x000000076f400000,0x000000076fe80000)
 ParOldGen       total 141824K, used 22176K [0x00000006c1c00000, 0x00000006ca680000, 0x000000076b400000)
  object space 141824K, 15% used [0x00000006c1c00000,0x00000006c31a81e8,0x00000006ca680000)
 Metaspace       used 20792K, capacity 21160K, committed 21296K, reserved 1069056K
  class space    used 2441K, capacity 2568K, committed 2608K, reserved 1048576K
}

