# JRE version: Java(TM) SE Runtime Environment (8.0_191-b12) (build 1.8.0_191-b12)
# Java VM: Java HotSpot(TM) 64-Bit Server VM (25.191-b12 mixed mode windows-amd64 compressed oops)
Heap:
 PSYoungGen      total 218112K, used 42643K [0x00000000d5580000, 0x00000000e5180000, 0x0000000100000000)
  eden space 198656K, 21% used [0x00000000d5580000,0x00000000d7f24f20,0x00000000e1780000)
  from space 19456K, 0% used [0x00000000e3e80000,0x00000000e3e80000,0x00000000e5180000)
  to   space 12800K, 0% used [0x00000000e1780000,0x00000000e1780000,0x00000000e2400000)
 ParOldGen       total 86016K, used 32153K [0x0000000080000000, 0x0000000085400000, 0x00000000d5580000)
  object space 86016K, 37% used [0x0000000080000000,0x0000000081f667d8,0x0000000085400000)
 Metaspace       used 58205K, capacity 60538K, committed 60800K, reserved 1101824K
  class space    used 7827K, capacity 8299K, committed 8320K, reserved 1048576K
GC Heap History (10 events):
Event: 3.868 GC heap before
{Heap before GC invocations=9 (full 2):
 PSYoungGen      total 128512K, used 8910K [0x00000000d5580000, 0x00000000e3380000, 0x0000000100000000)
  eden space 115200K, 0% used [0x00000000d5580000,0x00000000d5580000,0x00000000dc600000)
  from space 13312K, 66% used [0x00000000dc600000,0x00000000dceb3b60,0x00000000dd300000)
  to   space 12800K, 0% used [0x00000000e2700000,0x00000000e2700000,0x00000000e3380000)
 ParOldGen       total 86016K, used 6861K [0x0000000080000000, 0x0000000085400000, 0x00000000d5580000)
  object space 86016K, 7% used [0x0000000080000000,0x00000000806b3518,0x0000000085400000)
 Metaspace       used 34081K, capacity 35408K, committed 35496K, reserved 1079296K
  class space    used 4715K, capacity 5039K, committed 5120K, reserved 1048576K
Event: 3.927 GC heap after
Heap after GC invocations=9 (full 2):
 PSYoungGen      total 128512K, used 0K [0x00000000d5580000, 0x00000000e3380000, 0x0000000100000000)
  eden space 115200K, 0% used [0x00000000d5580000,0x00000000d5580000,0x00000000dc600000)
  from space 13312K, 0% used [0x00000000dc600000,0x00000000dc600000,0x00000000dd300000)
  to   space 12800K, 0% used [0x00000000e2700000,0x00000000e2700000,0x00000000e3380000)
 ParOldGen       total 86016K, used 15367K [0x0000000080000000, 0x0000000085400000, 0x00000000d5580000)
  object space 86016K, 17% used [0x0000000080000000,0x0000000080f01cb0,0x0000000085400000)
 Metaspace       used 34081K, capacity 35408K, committed 35496K, reserved 1079296K
  class space    used 4715K, capacity 5039K, committed 5120K, reserved 1048576K
}
Event: 5.011 GC heap before
{Heap before GC invocations=10 (full 2):
 PSYoungGen      total 128512K, used 115200K [0x00000000d5580000, 0x00000000e3380000, 0x0000000100000000)
  eden space 115200K, 100% used [0x00000000d5580000,0x00000000dc600000,0x00000000dc600000)
  from space 13312K, 0% used [0x00000000dc600000,0x00000000dc600000,0x00000000dd300000)
  to   space 12800K, 0% used [0x00000000e2700000,0x00000000e2700000,0x00000000e3380000)
 ParOldGen       total 86016K, used 15367K [0x0000000080000000, 0x0000000085400000, 0x00000000d5580000)
  object space 86016K, 17% used [0x0000000080000000,0x0000000080f01cb0,0x0000000085400000)
 Metaspace       used 38761K, capacity 40614K, committed 40704K, reserved 1083392K
  class space    used 5462K, capacity 5814K, committed 5888K, reserved 1048576K
Event: 5.018 GC heap after
Heap after GC invocations=10 (full 2):
 PSYoungGen      total 182272K, used 9509K [0x00000000d5580000, 0x00000000e3080000, 0x0000000100000000)
  eden space 172544K, 0% used [0x00000000d5580000,0x00000000d5580000,0x00000000dfe00000)
  from space 9728K, 97% used [0x00000000e2700000,0x00000000e3049410,0x00000000e3080000)
  to   space 12800K, 0% used [0x00000000e1780000,0x00000000e1780000,0x00000000e2400000)
 ParOldGen       total 86016K, used 15375K [0x0000000080000000, 0x0000000085400000, 0x00000000d5580000)
  object space 86016K, 17% used [0x0000000080000000,0x0000000080f03cb0,0x0000000085400000)
 Metaspace       used 38761K, capacity 40614K, committed 40704K, reserved 1083392K
  class space    used 5462K, capacity 5814K, committed 5888K, reserved 1048576K
}
Event: 6.919 GC heap before
{Heap before GC invocations=11 (full 2):
 PSYoungGen      total 182272K, used 182053K [0x00000000d5580000, 0x00000000e3080000, 0x0000000100000000)
  eden space 172544K, 100% used [0x00000000d5580000,0x00000000dfe00000,0x00000000dfe00000)
  from space 9728K, 97% used [0x00000000e2700000,0x00000000e3049410,0x00000000e3080000)
  to   space 12800K, 0% used [0x00000000e1780000,0x00000000e1780000,0x00000000e2400000)
 ParOldGen       total 86016K, used 15375K [0x0000000080000000, 0x0000000085400000, 0x00000000d5580000)
  object space 86016K, 17% used [0x0000000080000000,0x0000000080f03cb0,0x0000000085400000)
 Metaspace       used 53010K, capacity 55232K, committed 55552K, reserved 1097728K
  class space    used 7211K, capacity 7650K, committed 7680K, reserved 1048576K
Event: 6.935 GC heap after
Heap after GC invocations=11 (full 2):
 PSYoungGen      total 211456K, used 12792K [0x00000000d5580000, 0x00000000e5180000, 0x0000000100000000)
  eden space 198656K, 0% used [0x00000000d5580000,0x00000000d5580000,0x00000000e1780000)
  from space 12800K, 99% used [0x00000000e1780000,0x00000000e23fe3a0,0x00000000e2400000)
  to   space 19456K, 0% used [0x00000000e3e80000,0x00000000e3e80000,0x00000000e5180000)
 ParOldGen       total 86016K, used 28565K [0x0000000080000000, 0x0000000085400000, 0x00000000d5580000)
  object space 86016K, 33% used [0x0000000080000000,0x0000000081be5798,0x0000000085400000)
 Metaspace       used 53010K, capacity 55232K, committed 55552K, reserved 1097728K
  class space    used 7211K, capacity 7650K, committed 7680K, reserved 1048576K
}
Event: 7.454 GC heap before
{Heap before GC invocations=12 (full 2):
 PSYoungGen      total 211456K, used 50328K [0x00000000d5580000, 0x00000000e5180000, 0x0000000100000000)
  eden space 198656K, 18% used [0x00000000d5580000,0x00000000d7a27fe0,0x00000000e1780000)
  from space 12800K, 99% used [0x00000000e1780000,0x00000000e23fe3a0,0x00000000e2400000)
  to   space 19456K, 0% used [0x00000000e3e80000,0x00000000e3e80000,0x00000000e5180000)
 ParOldGen       total 86016K, used 28565K [0x0000000080000000, 0x0000000085400000, 0x00000000d5580000)
  object space 86016K, 33% used [0x0000000080000000,0x0000000081be5798,0x0000000085400000)
 Metaspace       used 56704K, capacity 58970K, committed 59136K, reserved 1099776K
  class space    used 7644K, capacity 8077K, committed 8192K, reserved 1048576K
Event: 7.464 GC heap after
Heap after GC invocations=12 (full 2):
 PSYoungGen      total 218112K, used 15556K [0x00000000d5580000, 0x00000000e5180000, 0x0000000100000000)
  eden space 198656K, 0% used [0x00000000d5580000,0x00000000d5580000,0x00000000e1780000)
  from space 19456K, 79% used [0x00000000e3e80000,0x00000000e4db1330,0x00000000e5180000)
  to   space 12800K, 0% used [0x00000000e1780000,0x00000000e1780000,0x00000000e2400000)
 ParOldGen       total 86016K, used 28637K [0x0000000080000000, 0x0000000085400000, 0x00000000d5580000)
  object space 86016K, 33% used [0x0000000080000000,0x0000000081bf77a8,0x0000000085400000)
 Metaspace       used 56704K, capacity 58970K, committed 59136K, reserved 1099776K
  class space    used 7644K, capacity 8077K, committed 8192K, reserved 1048576K
}
Event: 7.464 GC heap before
{Heap before GC invocations=13 (full 3):
 PSYoungGen      total 218112K, used 15556K [0x00000000d5580000, 0x00000000e5180000, 0x0000000100000000)
  eden space 198656K, 0% used [0x00000000d5580000,0x00000000d5580000,0x00000000e1780000)
  from space 19456K, 79% used [0x00000000e3e80000,0x00000000e4db1330,0x00000000e5180000)
  to   space 12800K, 0% used [0x00000000e1780000,0x00000000e1780000,0x00000000e2400000)
 ParOldGen       total 86016K, used 28637K [0x0000000080000000, 0x0000000085400000, 0x00000000d5580000)
  object space 86016K, 33% used [0x0000000080000000,0x0000000081bf77a8,0x0000000085400000)
 Metaspace       used 56704K, capacity 58970K, committed 59136K, reserved 1099776K
  class space    used 7644K, capacity 8077K, committed 8192K, reserved 1048576K
Event: 7.653 GC heap after
Heap after GC invocations=13 (full 3):
 PSYoungGen      total 218112K, used 0K [0x00000000d5580000, 0x00000000e5180000, 0x0000000100000000)
  eden space 198656K, 0% used [0x00000000d5580000,0x00000000d5580000,0x00000000e1780000)
  from space 19456K, 0% used [0x00000000e3e80000,0x00000000e3e80000,0x00000000e5180000)
  to   space 12800K, 0% used [0x00000000e1780000,0x00000000e1780000,0x00000000e2400000)
 ParOldGen       total 86016K, used 32153K [0x0000000080000000, 0x0000000085400000, 0x00000000d5580000)
  object space 86016K, 37% used [0x0000000080000000,0x0000000081f667d8,0x0000000085400000)
 Metaspace       used 56653K, capacity 58814K, committed 59136K, reserved 1099776K
  class space    used 7627K, capacity 8049K, committed 8192K, reserved 1048576K
}

