# JRE version: Java(TM) SE Runtime Environment (8.0_191-b12) (build 1.8.0_191-b12)
# Java VM: Java HotSpot(TM) 64-Bit Server VM (25.191-b12 mixed mode windows-amd64 compressed oops)
Heap:
 PSYoungGen      total 274432K, used 87417K [0x00000000d5580000, 0x00000000ed480000, 0x0000000100000000)
  eden space 227328K, 38% used [0x00000000d5580000,0x00000000daade788,0x00000000e3380000)
  from space 47104K, 0% used [0x00000000e3380000,0x00000000e3380000,0x00000000e6180000)
  to   space 47616K, 0% used [0x00000000ea600000,0x00000000ea600000,0x00000000ed480000)
 ParOldGen       total 194560K, used 64296K [0x0000000080000000, 0x000000008be00000, 0x00000000d5580000)
  object space 194560K, 33% used [0x0000000080000000,0x0000000083eca030,0x000000008be00000)
 Metaspace       used 92639K, capacity 97536K, committed 98816K, reserved 1134592K
  class space    used 12576K, capacity 13578K, committed 13824K, reserved 1048576K
GC Heap History (10 events):
Event: 12.135 GC heap before
{Heap before GC invocations=15 (full 3):
 PSYoungGen      total 232448K, used 229900K [0x00000000d5580000, 0x00000000e7880000, 0x0000000100000000)
  eden space 210432K, 100% used [0x00000000d5580000,0x00000000e2300000,0x00000000e2300000)
  from space 22016K, 88% used [0x00000000e2300000,0x00000000e36033d8,0x00000000e3880000)
  to   space 23552K, 0% used [0x00000000e6180000,0x00000000e6180000,0x00000000e7880000)
 ParOldGen       total 194560K, used 35044K [0x0000000080000000, 0x000000008be00000, 0x00000000d5580000)
  object space 194560K, 18% used [0x0000000080000000,0x0000000082239370,0x000000008be00000)
 Metaspace       used 79630K, capacity 83808K, committed 83968K, reserved 1122304K
  class space    used 11207K, capacity 12017K, committed 12032K, reserved 1048576K
Event: 12.155 GC heap after
Heap after GC invocations=15 (full 3):
 PSYoungGen      total 268800K, used 23533K [0x00000000d5580000, 0x00000000e7f00000, 0x0000000100000000)
  eden space 245248K, 0% used [0x00000000d5580000,0x00000000d5580000,0x00000000e4500000)
  from space 23552K, 99% used [0x00000000e6180000,0x00000000e787b400,0x00000000e7880000)
  to   space 29184K, 0% used [0x00000000e4500000,0x00000000e4500000,0x00000000e6180000)
 ParOldGen       total 194560K, used 41947K [0x0000000080000000, 0x000000008be00000, 0x00000000d5580000)
  object space 194560K, 21% used [0x0000000080000000,0x00000000828f6c68,0x000000008be00000)
 Metaspace       used 79630K, capacity 83808K, committed 83968K, reserved 1122304K
  class space    used 11207K, capacity 12017K, committed 12032K, reserved 1048576K
}
Event: 22.256 GC heap before
{Heap before GC invocations=16 (full 3):
 PSYoungGen      total 268800K, used 268781K [0x00000000d5580000, 0x00000000e7f00000, 0x0000000100000000)
  eden space 245248K, 100% used [0x00000000d5580000,0x00000000e4500000,0x00000000e4500000)
  from space 23552K, 99% used [0x00000000e6180000,0x00000000e787b400,0x00000000e7880000)
  to   space 29184K, 0% used [0x00000000e4500000,0x00000000e4500000,0x00000000e6180000)
 ParOldGen       total 194560K, used 41947K [0x0000000080000000, 0x000000008be00000, 0x00000000d5580000)
  object space 194560K, 21% used [0x0000000080000000,0x00000000828f6c68,0x000000008be00000)
 Metaspace       used 91325K, capacity 96560K, committed 96896K, reserved 1132544K
  class space    used 12577K, capacity 13583K, committed 13696K, reserved 1048576K
Event: 22.286 GC heap after
Heap after GC invocations=16 (full 3):
 PSYoungGen      total 274432K, used 29180K [0x00000000d5580000, 0x00000000e7f00000, 0x0000000100000000)
  eden space 245248K, 0% used [0x00000000d5580000,0x00000000d5580000,0x00000000e4500000)
  from space 29184K, 99% used [0x00000000e4500000,0x00000000e617f2b0,0x00000000e6180000)
  to   space 23552K, 0% used [0x00000000e6180000,0x00000000e6180000,0x00000000e7880000)
 ParOldGen       total 194560K, used 56060K [0x0000000080000000, 0x000000008be00000, 0x00000000d5580000)
  object space 194560K, 28% used [0x0000000080000000,0x00000000836bf0c8,0x000000008be00000)
 Metaspace       used 91325K, capacity 96560K, committed 96896K, reserved 1132544K
  class space    used 12577K, capacity 13583K, committed 13696K, reserved 1048576K
}
Event: 122.248 GC heap before
{Heap before GC invocations=17 (full 3):
 PSYoungGen      total 274432K, used 274428K [0x00000000d5580000, 0x00000000e7f00000, 0x0000000100000000)
  eden space 245248K, 100% used [0x00000000d5580000,0x00000000e4500000,0x00000000e4500000)
  from space 29184K, 99% used [0x00000000e4500000,0x00000000e617f2b0,0x00000000e6180000)
  to   space 23552K, 0% used [0x00000000e6180000,0x00000000e6180000,0x00000000e7880000)
 ParOldGen       total 194560K, used 56060K [0x0000000080000000, 0x000000008be00000, 0x00000000d5580000)
  object space 194560K, 28% used [0x0000000080000000,0x00000000836bf0c8,0x000000008be00000)
 Metaspace       used 92803K, capacity 98520K, committed 98560K, reserved 1134592K
  class space    used 12696K, capacity 13801K, committed 13824K, reserved 1048576K
Event: 122.277 GC heap after
Heap after GC invocations=17 (full 3):
 PSYoungGen      total 250880K, used 23525K [0x00000000d5580000, 0x00000000ebc80000, 0x0000000100000000)
  eden space 227328K, 0% used [0x00000000d5580000,0x00000000d5580000,0x00000000e3380000)
  from space 23552K, 99% used [0x00000000e6180000,0x00000000e7879488,0x00000000e7880000)
  to   space 47104K, 0% used [0x00000000e3380000,0x00000000e3380000,0x00000000e6180000)
 ParOldGen       total 194560K, used 78063K [0x0000000080000000, 0x000000008be00000, 0x00000000d5580000)
  object space 194560K, 40% used [0x0000000080000000,0x0000000084c3bf88,0x000000008be00000)
 Metaspace       used 92803K, capacity 98520K, committed 98560K, reserved 1134592K
  class space    used 12696K, capacity 13801K, committed 13824K, reserved 1048576K
}
Event: 122.388 GC heap before
{Heap before GC invocations=18 (full 3):
 PSYoungGen      total 250880K, used 44104K [0x00000000d5580000, 0x00000000ebc80000, 0x0000000100000000)
  eden space 227328K, 9% used [0x00000000d5580000,0x00000000d6998e30,0x00000000e3380000)
  from space 23552K, 99% used [0x00000000e6180000,0x00000000e7879488,0x00000000e7880000)
  to   space 47104K, 0% used [0x00000000e3380000,0x00000000e3380000,0x00000000e6180000)
 ParOldGen       total 194560K, used 78063K [0x0000000080000000, 0x000000008be00000, 0x00000000d5580000)
  object space 194560K, 40% used [0x0000000080000000,0x0000000084c3bf88,0x000000008be00000)
 Metaspace       used 92809K, capacity 98520K, committed 98560K, reserved 1134592K
  class space    used 12696K, capacity 13801K, committed 13824K, reserved 1048576K
Event: 122.409 GC heap after
Heap after GC invocations=18 (full 3):
 PSYoungGen      total 274432K, used 960K [0x00000000d5580000, 0x00000000ed480000, 0x0000000100000000)
  eden space 227328K, 0% used [0x00000000d5580000,0x00000000d5580000,0x00000000e3380000)
  from space 47104K, 2% used [0x00000000e3380000,0x00000000e3470000,0x00000000e6180000)
  to   space 47616K, 0% used [0x00000000ea600000,0x00000000ea600000,0x00000000ed480000)
 ParOldGen       total 194560K, used 101323K [0x0000000080000000, 0x000000008be00000, 0x00000000d5580000)
  object space 194560K, 52% used [0x0000000080000000,0x00000000862f2ca0,0x000000008be00000)
 Metaspace       used 92809K, capacity 98520K, committed 98560K, reserved 1134592K
  class space    used 12696K, capacity 13801K, committed 13824K, reserved 1048576K
}
Event: 122.409 GC heap before
{Heap before GC invocations=19 (full 4):
 PSYoungGen      total 274432K, used 960K [0x00000000d5580000, 0x00000000ed480000, 0x0000000100000000)
  eden space 227328K, 0% used [0x00000000d5580000,0x00000000d5580000,0x00000000e3380000)
  from space 47104K, 2% used [0x00000000e3380000,0x00000000e3470000,0x00000000e6180000)
  to   space 47616K, 0% used [0x00000000ea600000,0x00000000ea600000,0x00000000ed480000)
 ParOldGen       total 194560K, used 101323K [0x0000000080000000, 0x000000008be00000, 0x00000000d5580000)
  object space 194560K, 52% used [0x0000000080000000,0x00000000862f2ca0,0x000000008be00000)
 Metaspace       used 92809K, capacity 98520K, committed 98560K, reserved 1134592K
  class space    used 12696K, capacity 13801K, committed 13824K, reserved 1048576K
Event: 122.569 GC heap after
Heap after GC invocations=19 (full 4):
 PSYoungGen      total 274432K, used 0K [0x00000000d5580000, 0x00000000ed480000, 0x0000000100000000)
  eden space 227328K, 0% used [0x00000000d5580000,0x00000000d5580000,0x00000000e3380000)
  from space 47104K, 0% used [0x00000000e3380000,0x00000000e3380000,0x00000000e6180000)
  to   space 47616K, 0% used [0x00000000ea600000,0x00000000ea600000,0x00000000ed480000)
 ParOldGen       total 194560K, used 64296K [0x0000000080000000, 0x000000008be00000, 0x00000000d5580000)
  object space 194560K, 33% used [0x0000000080000000,0x0000000083eca030,0x000000008be00000)
 Metaspace       used 92386K, capacity 97270K, committed 98560K, reserved 1134592K
  class space    used 12557K, capacity 13562K, committed 13824K, reserved 1048576K
}

