# JRE version: Java(TM) SE Runtime Environment (8.0_191-b12) (build 1.8.0_191-b12)
# Java VM: Java HotSpot(TM) 64-Bit Server VM (25.191-b12 mixed mode windows-amd64 compressed oops)
Heap:
 PSYoungGen      total 129536K, used 74459K [0x00000000d5580000, 0x00000000de280000, 0x0000000100000000)
  eden space 117760K, 55% used [0x00000000d5580000,0x00000000d94ced98,0x00000000dc880000)
  from space 11776K, 81% used [0x00000000dd700000,0x00000000de068188,0x00000000de280000)
  to   space 13312K, 0% used [0x00000000dc880000,0x00000000dc880000,0x00000000dd580000)
 ParOldGen       total 133120K, used 15206K [0x0000000080000000, 0x0000000088200000, 0x00000000d5580000)
  object space 133120K, 11% used [0x0000000080000000,0x0000000080ed98e8,0x0000000088200000)
 Metaspace       used 43227K, capacity 45260K, committed 45440K, reserved 1087488K
  class space    used 6052K, capacity 6442K, committed 6528K, reserved 1048576K
GC Heap History (10 events):
Event: 3.343 GC heap before
{Heap before GC invocations=6 (full 1):
 PSYoungGen      total 76288K, used 65536K [0x00000000d5580000, 0x00000000dea80000, 0x0000000100000000)
  eden space 65536K, 100% used [0x00000000d5580000,0x00000000d9580000,0x00000000d9580000)
  from space 10752K, 0% used [0x00000000da000000,0x00000000da000000,0x00000000daa80000)
  to   space 10752K, 0% used [0x00000000d9580000,0x00000000d9580000,0x00000000da000000)
 ParOldGen       total 83456K, used 6807K [0x0000000080000000, 0x0000000085180000, 0x00000000d5580000)
  object space 83456K, 8% used [0x0000000080000000,0x00000000806a5f30,0x0000000085180000)
 Metaspace       used 24840K, capacity 25848K, committed 25984K, reserved 1071104K
  class space    used 3660K, capacity 3940K, committed 3968K, reserved 1048576K
Event: 3.346 GC heap after
Heap after GC invocations=6 (full 1):
 PSYoungGen      total 76288K, used 5923K [0x00000000d5580000, 0x00000000de400000, 0x0000000100000000)
  eden space 65536K, 0% used [0x00000000d5580000,0x00000000d5580000,0x00000000d9580000)
  from space 10752K, 55% used [0x00000000d9580000,0x00000000d9b48c70,0x00000000da000000)
  to   space 13312K, 0% used [0x00000000dd700000,0x00000000dd700000,0x00000000de400000)
 ParOldGen       total 83456K, used 6815K [0x0000000080000000, 0x0000000085180000, 0x00000000d5580000)
  object space 83456K, 8% used [0x0000000080000000,0x00000000806a7f30,0x0000000085180000)
 Metaspace       used 24840K, capacity 25848K, committed 25984K, reserved 1071104K
  class space    used 3660K, capacity 3940K, committed 3968K, reserved 1048576K
}
Event: 3.944 GC heap before
{Heap before GC invocations=7 (full 1):
 PSYoungGen      total 76288K, used 71459K [0x00000000d5580000, 0x00000000de400000, 0x0000000100000000)
  eden space 65536K, 100% used [0x00000000d5580000,0x00000000d9580000,0x00000000d9580000)
  from space 10752K, 55% used [0x00000000d9580000,0x00000000d9b48c70,0x00000000da000000)
  to   space 13312K, 0% used [0x00000000dd700000,0x00000000dd700000,0x00000000de400000)
 ParOldGen       total 83456K, used 6815K [0x0000000080000000, 0x0000000085180000, 0x00000000d5580000)
  object space 83456K, 8% used [0x0000000080000000,0x00000000806a7f30,0x0000000085180000)
 Metaspace       used 33014K, capacity 34162K, committed 34432K, reserved 1079296K
  class space    used 4581K, capacity 4872K, committed 4992K, reserved 1048576K
Event: 3.954 GC heap after
Heap after GC invocations=7 (full 1):
 PSYoungGen      total 129536K, used 10212K [0x00000000d5580000, 0x00000000de280000, 0x0000000100000000)
  eden space 117760K, 0% used [0x00000000d5580000,0x00000000d5580000,0x00000000dc880000)
  from space 11776K, 86% used [0x00000000dd700000,0x00000000de0f9260,0x00000000de280000)
  to   space 13312K, 0% used [0x00000000dc880000,0x00000000dc880000,0x00000000dd580000)
 ParOldGen       total 83456K, used 6823K [0x0000000080000000, 0x0000000085180000, 0x00000000d5580000)
  object space 83456K, 8% used [0x0000000080000000,0x00000000806a9f30,0x0000000085180000)
 Metaspace       used 33014K, capacity 34162K, committed 34432K, reserved 1079296K
  class space    used 4581K, capacity 4872K, committed 4992K, reserved 1048576K
}
Event: 4.319 GC heap before
{Heap before GC invocations=8 (full 1):
 PSYoungGen      total 129536K, used 39458K [0x00000000d5580000, 0x00000000de280000, 0x0000000100000000)
  eden space 117760K, 24% used [0x00000000d5580000,0x00000000d720f6f8,0x00000000dc880000)
  from space 11776K, 86% used [0x00000000dd700000,0x00000000de0f9260,0x00000000de280000)
  to   space 13312K, 0% used [0x00000000dc880000,0x00000000dc880000,0x00000000dd580000)
 ParOldGen       total 83456K, used 6823K [0x0000000080000000, 0x0000000085180000, 0x00000000d5580000)
  object space 83456K, 8% used [0x0000000080000000,0x00000000806a9f30,0x0000000085180000)
 Metaspace       used 34073K, capacity 35408K, committed 35496K, reserved 1079296K
  class space    used 4718K, capacity 5039K, committed 5120K, reserved 1048576K
Event: 4.332 GC heap after
Heap after GC invocations=8 (full 1):
 PSYoungGen      total 131072K, used 8731K [0x00000000d5580000, 0x00000000de280000, 0x0000000100000000)
  eden space 117760K, 0% used [0x00000000d5580000,0x00000000d5580000,0x00000000dc880000)
  from space 13312K, 65% used [0x00000000dc880000,0x00000000dd106e30,0x00000000dd580000)
  to   space 11776K, 0% used [0x00000000dd700000,0x00000000dd700000,0x00000000de280000)
 ParOldGen       total 83456K, used 6831K [0x0000000080000000, 0x0000000085180000, 0x00000000d5580000)
  object space 83456K, 8% used [0x0000000080000000,0x00000000806abf30,0x0000000085180000)
 Metaspace       used 34073K, capacity 35408K, committed 35496K, reserved 1079296K
  class space    used 4718K, capacity 5039K, committed 5120K, reserved 1048576K
}
Event: 4.332 GC heap before
{Heap before GC invocations=9 (full 2):
 PSYoungGen      total 131072K, used 8731K [0x00000000d5580000, 0x00000000de280000, 0x0000000100000000)
  eden space 117760K, 0% used [0x00000000d5580000,0x00000000d5580000,0x00000000dc880000)
  from space 13312K, 65% used [0x00000000dc880000,0x00000000dd106e30,0x00000000dd580000)
  to   space 11776K, 0% used [0x00000000dd700000,0x00000000dd700000,0x00000000de280000)
 ParOldGen       total 83456K, used 6831K [0x0000000080000000, 0x0000000085180000, 0x00000000d5580000)
  object space 83456K, 8% used [0x0000000080000000,0x00000000806abf30,0x0000000085180000)
 Metaspace       used 34073K, capacity 35408K, committed 35496K, reserved 1079296K
  class space    used 4718K, capacity 5039K, committed 5120K, reserved 1048576K
Event: 4.460 GC heap after
Heap after GC invocations=9 (full 2):
 PSYoungGen      total 131072K, used 0K [0x00000000d5580000, 0x00000000de280000, 0x0000000100000000)
  eden space 117760K, 0% used [0x00000000d5580000,0x00000000d5580000,0x00000000dc880000)
  from space 13312K, 0% used [0x00000000dc880000,0x00000000dc880000,0x00000000dd580000)
  to   space 11776K, 0% used [0x00000000dd700000,0x00000000dd700000,0x00000000de280000)
 ParOldGen       total 133120K, used 15198K [0x0000000080000000, 0x0000000088200000, 0x00000000d5580000)
  object space 133120K, 11% used [0x0000000080000000,0x0000000080ed78e8,0x0000000088200000)
 Metaspace       used 34073K, capacity 35408K, committed 35496K, reserved 1079296K
  class space    used 4718K, capacity 5039K, committed 5120K, reserved 1048576K
}
Event: 6.387 GC heap before
{Heap before GC invocations=10 (full 2):
 PSYoungGen      total 131072K, used 117760K [0x00000000d5580000, 0x00000000de280000, 0x0000000100000000)
  eden space 117760K, 100% used [0x00000000d5580000,0x00000000dc880000,0x00000000dc880000)
  from space 13312K, 0% used [0x00000000dc880000,0x00000000dc880000,0x00000000dd580000)
  to   space 11776K, 0% used [0x00000000dd700000,0x00000000dd700000,0x00000000de280000)
 ParOldGen       total 133120K, used 15198K [0x0000000080000000, 0x0000000088200000, 0x00000000d5580000)
  object space 133120K, 11% used [0x0000000080000000,0x0000000080ed78e8,0x0000000088200000)
 Metaspace       used 38739K, capacity 40566K, committed 40704K, reserved 1083392K
  class space    used 5461K, capacity 5806K, committed 5888K, reserved 1048576K
Event: 6.397 GC heap after
Heap after GC invocations=10 (full 2):
 PSYoungGen      total 129536K, used 9632K [0x00000000d5580000, 0x00000000de280000, 0x0000000100000000)
  eden space 117760K, 0% used [0x00000000d5580000,0x00000000d5580000,0x00000000dc880000)
  from space 11776K, 81% used [0x00000000dd700000,0x00000000de068188,0x00000000de280000)
  to   space 13312K, 0% used [0x00000000dc880000,0x00000000dc880000,0x00000000dd580000)
 ParOldGen       total 133120K, used 15206K [0x0000000080000000, 0x0000000088200000, 0x00000000d5580000)
  object space 133120K, 11% used [0x0000000080000000,0x0000000080ed98e8,0x0000000088200000)
 Metaspace       used 38739K, capacity 40566K, committed 40704K, reserved 1083392K
  class space    used 5461K, capacity 5806K, committed 5888K, reserved 1048576K
}

